<?xml version="1.0" encoding="UTF-8"?>
<!-- Generated by org.testng.reporters.JUnitReportReporter -->
<testsuite hostname="DESKTOP-9G5T6HD" failures="0" tests="1" name="runner.TestRunner2" time="9.320" errors="0" timestamp="2025-02-02T22:57:29 PST" skipped="0">
  <testcase classname="runner.TestRunner2" name="runScenario" time="9.320"/>
</testsuite> <!-- runner.TestRunner2 -->
